# JRE version: Java(TM) SE Runtime Environment (8.0_131-b11) (build 1.8.0_131-b11)
# Java VM: Java HotSpot(TM) 64-Bit Server VM (25.131-b11 mixed mode windows-amd64 compressed oops)
Heap:
 PSYoungGen      total 131584K, used 19000K [0x00000000f5580000, 0x0000000100000000, 0x0000000100000000)
  eden space 112128K, 0% used [0x00000000f5580000,0x00000000f5580000,0x00000000fc300000)
  from space 19456K, 97% used [0x00000000fc300000,0x00000000fd58e028,0x00000000fd600000)
  to   space 31744K, 0% used [0x00000000fe100000,0x00000000fe100000,0x0000000100000000)
 ParOldGen       total 200704K, used 115908K [0x00000000e0000000, 0x00000000ec400000, 0x00000000f5580000)
  object space 200704K, 57% used [0x00000000e0000000,0x00000000e71313e0,0x00000000ec400000)
 Metaspace       used 226008K, capacity 238121K, committed 238208K, reserved 1253376K
  class space    used 33687K, capacity 34651K, committed 34688K, reserved 1048576K
GC Heap History (10 events):
Event: 61198.609 GC heap after
Heap after GC invocations=116 (full 17):
 PSYoungGen      total 140288K, used 6180K [0x00000000f5580000, 0x0000000100000000, 0x0000000100000000)
  eden space 110592K, 0% used [0x00000000f5580000,0x00000000f5580000,0x00000000fc180000)
  from space 29696K, 20% used [0x00000000fc180000,0x00000000fc7890a0,0x00000000fde80000)
  to   space 29696K, 0% used [0x00000000fe300000,0x00000000fe300000,0x0000000100000000)
 ParOldGen       total 200704K, used 109807K [0x00000000e0000000, 0x00000000ec400000, 0x00000000f5580000)
  object space 200704K, 54% used [0x00000000e0000000,0x00000000e6b3bc90,0x00000000ec400000)
 Metaspace       used 215641K, capacity 227539K, committed 227840K, reserved 1243136K
  class space    used 32309K, capacity 33178K, committed 33280K, reserved 1048576K
}
Event: 61198.858 GC heap before
{Heap before GC invocations=117 (full 17):
 PSYoungGen      total 140288K, used 116772K [0x00000000f5580000, 0x0000000100000000, 0x0000000100000000)
  eden space 110592K, 100% used [0x00000000f5580000,0x00000000fc180000,0x00000000fc180000)
  from space 29696K, 20% used [0x00000000fc180000,0x00000000fc7890a0,0x00000000fde80000)
  to   space 29696K, 0% used [0x00000000fe300000,0x00000000fe300000,0x0000000100000000)
 ParOldGen       total 200704K, used 109807K [0x00000000e0000000, 0x00000000ec400000, 0x00000000f5580000)
  object space 200704K, 54% used [0x00000000e0000000,0x00000000e6b3bc90,0x00000000ec400000)
 Metaspace       used 215641K, capacity 227539K, committed 227840K, reserved 1243136K
  class space    used 32309K, capacity 33178K, committed 33280K, reserved 1048576K
Event: 61198.970 GC heap after
Heap after GC invocations=117 (full 17):
 PSYoungGen      total 143872K, used 2688K [0x00000000f5580000, 0x0000000100000000, 0x0000000100000000)
  eden space 114176K, 0% used [0x00000000f5580000,0x00000000f5580000,0x00000000fc500000)
  from space 29696K, 9% used [0x00000000fe300000,0x00000000fe5a0210,0x0000000100000000)
  to   space 30208K, 0% used [0x00000000fc500000,0x00000000fc500000,0x00000000fe280000)
 ParOldGen       total 200704K, used 113347K [0x00000000e0000000, 0x00000000ec400000, 0x00000000f5580000)
  object space 200704K, 56% used [0x00000000e0000000,0x00000000e6eb0eb8,0x00000000ec400000)
 Metaspace       used 215641K, capacity 227539K, committed 227840K, reserved 1243136K
  class space    used 32309K, capacity 33178K, committed 33280K, reserved 1048576K
}
Event: 62907.429 GC heap before
{Heap before GC invocations=118 (full 17):
 PSYoungGen      total 143872K, used 116864K [0x00000000f5580000, 0x0000000100000000, 0x0000000100000000)
  eden space 114176K, 100% used [0x00000000f5580000,0x00000000fc500000,0x00000000fc500000)
  from space 29696K, 9% used [0x00000000fe300000,0x00000000fe5a0210,0x0000000100000000)
  to   space 30208K, 0% used [0x00000000fc500000,0x00000000fc500000,0x00000000fe280000)
 ParOldGen       total 200704K, used 113347K [0x00000000e0000000, 0x00000000ec400000, 0x00000000f5580000)
  object space 200704K, 56% used [0x00000000e0000000,0x00000000e6eb0eb8,0x00000000ec400000)
 Metaspace       used 221614K, capacity 233577K, committed 233856K, reserved 1249280K
  class space    used 33216K, capacity 34120K, committed 34176K, reserved 1048576K
Event: 62907.445 GC heap after
Heap after GC invocations=118 (full 17):
 PSYoungGen      total 125440K, used 10875K [0x00000000f5580000, 0x00000000ffd80000, 0x0000000100000000)
  eden space 114176K, 0% used [0x00000000f5580000,0x00000000f5580000,0x00000000fc500000)
  from space 11264K, 96% used [0x00000000fc500000,0x00000000fcf9ec40,0x00000000fd000000)
  to   space 28672K, 0% used [0x00000000fe180000,0x00000000fe180000,0x00000000ffd80000)
 ParOldGen       total 200704K, used 115055K [0x00000000e0000000, 0x00000000ec400000, 0x00000000f5580000)
  object space 200704K, 57% used [0x00000000e0000000,0x00000000e705bfc0,0x00000000ec400000)
 Metaspace       used 221614K, capacity 233577K, committed 233856K, reserved 1249280K
  class space    used 33216K, capacity 34120K, committed 34176K, reserved 1048576K
}
Event: 62909.441 GC heap before
{Heap before GC invocations=119 (full 17):
 PSYoungGen      total 125440K, used 125051K [0x00000000f5580000, 0x00000000ffd80000, 0x0000000100000000)
  eden space 114176K, 100% used [0x00000000f5580000,0x00000000fc500000,0x00000000fc500000)
  from space 11264K, 96% used [0x00000000fc500000,0x00000000fcf9ec40,0x00000000fd000000)
  to   space 28672K, 0% used [0x00000000fe180000,0x00000000fe180000,0x00000000ffd80000)
 ParOldGen       total 200704K, used 115055K [0x00000000e0000000, 0x00000000ec400000, 0x00000000f5580000)
  object space 200704K, 57% used [0x00000000e0000000,0x00000000e705bfc0,0x00000000ec400000)
 Metaspace       used 225868K, capacity 237911K, committed 238208K, reserved 1253376K
  class space    used 33668K, capacity 34616K, committed 34688K, reserved 1048576K
Event: 62909.517 GC heap after
Heap after GC invocations=119 (full 17):
 PSYoungGen      total 140800K, used 24282K [0x00000000f5580000, 0x0000000100000000, 0x0000000100000000)
  eden space 112128K, 0% used [0x00000000f5580000,0x00000000f5580000,0x00000000fc300000)
  from space 28672K, 84% used [0x00000000fe180000,0x00000000ff9368d0,0x00000000ffd80000)
  to   space 31232K, 0% used [0x00000000fc300000,0x00000000fc300000,0x00000000fe180000)
 ParOldGen       total 200704K, used 115336K [0x00000000e0000000, 0x00000000ec400000, 0x00000000f5580000)
  object space 200704K, 57% used [0x00000000e0000000,0x00000000e70a2040,0x00000000ec400000)
 Metaspace       used 225868K, capacity 237911K, committed 238208K, reserved 1253376K
  class space    used 33668K, capacity 34616K, committed 34688K, reserved 1048576K
}
Event: 62909.797 GC heap before
{Heap before GC invocations=120 (full 17):
 PSYoungGen      total 140800K, used 41938K [0x00000000f5580000, 0x0000000100000000, 0x0000000100000000)
  eden space 112128K, 15% used [0x00000000f5580000,0x00000000f66be098,0x00000000fc300000)
  from space 28672K, 84% used [0x00000000fe180000,0x00000000ff9368d0,0x00000000ffd80000)
  to   space 31232K, 0% used [0x00000000fc300000,0x00000000fc300000,0x00000000fe180000)
 ParOldGen       total 200704K, used 115336K [0x00000000e0000000, 0x00000000ec400000, 0x00000000f5580000)
  object space 200704K, 57% used [0x00000000e0000000,0x00000000e70a2040,0x00000000ec400000)
 Metaspace       used 226008K, capacity 238121K, committed 238208K, reserved 1253376K
  class space    used 33687K, capacity 34651K, committed 34688K, reserved 1048576K
Event: 62909.850 GC heap after
Heap after GC invocations=120 (full 17):
 PSYoungGen      total 131584K, used 19000K [0x00000000f5580000, 0x0000000100000000, 0x0000000100000000)
  eden space 112128K, 0% used [0x00000000f5580000,0x00000000f5580000,0x00000000fc300000)
  from space 19456K, 97% used [0x00000000fc300000,0x00000000fd58e028,0x00000000fd600000)
  to   space 31744K, 0% used [0x00000000fe100000,0x00000000fe100000,0x0000000100000000)
 ParOldGen       total 200704K, used 115908K [0x00000000e0000000, 0x00000000ec400000, 0x00000000f5580000)
  object space 200704K, 57% used [0x00000000e0000000,0x00000000e71313e0,0x00000000ec400000)
 Metaspace       used 226008K, capacity 238121K, committed 238208K, reserved 1253376K
  class space    used 33687K, capacity 34651K, committed 34688K, reserved 1048576K
}
Event: 62909.850 GC heap before
{Heap before GC invocations=121 (full 18):
 PSYoungGen      total 131584K, used 19000K [0x00000000f5580000, 0x0000000100000000, 0x0000000100000000)
  eden space 112128K, 0% used [0x00000000f5580000,0x00000000f5580000,0x00000000fc300000)
  from space 19456K, 97% used [0x00000000fc300000,0x00000000fd58e028,0x00000000fd600000)
  to   space 31744K, 0% used [0x00000000fe100000,0x00000000fe100000,0x0000000100000000)
 ParOldGen       total 200704K, used 115908K [0x00000000e0000000, 0x00000000ec400000, 0x00000000f5580000)
  object space 200704K, 57% used [0x00000000e0000000,0x00000000e71313e0,0x00000000ec400000)
 Metaspace       used 226008K, capacity 238121K, committed 238208K, reserved 1253376K
  class space    used 33687K, capacity 34651K, committed 34688K, reserved 1048576K

