# JRE version: Java(TM) SE Runtime Environment (8.0_131-b11) (build 1.8.0_131-b11)
# Java VM: Java HotSpot(TM) 64-Bit Server VM (25.131-b11 mixed mode windows-amd64 compressed oops)
Heap:
 PSYoungGen      total 135680K, used 111484K [0x00000000f5580000, 0x0000000100000000, 0x0000000100000000)
  eden space 100864K, 76% used [0x00000000f5580000,0x00000000fa0913d8,0x00000000fb800000)
  from space 34816K, 99% used [0x00000000fb800000,0x00000000fd9cdce8,0x00000000fda00000)
  to   space 38912K, 0% used [0x00000000fda00000,0x00000000fda00000,0x0000000100000000)
 ParOldGen       total 239616K, used 133413K [0x00000000e0000000, 0x00000000eea00000, 0x00000000f5580000)
  object space 239616K, 55% used [0x00000000e0000000,0x00000000e8249758,0x00000000eea00000)
 Metaspace       used 181302K, capacity 190805K, committed 199040K, reserved 1218560K
  class space    used 27643K, capacity 28372K, committed 29824K, reserved 1048576K
GC Heap History (10 events):
Event: 43372.506 GC heap before
{Heap before GC invocations=121 (full 20):
 PSYoungGen      total 133632K, used 111605K [0x00000000f5580000, 0x0000000100000000, 0x0000000100000000)
  eden space 102912K, 100% used [0x00000000f5580000,0x00000000fba00000,0x00000000fba00000)
  from space 30720K, 28% used [0x00000000fe200000,0x00000000fea7d7e8,0x0000000100000000)
  to   space 35840K, 0% used [0x00000000fba00000,0x00000000fba00000,0x00000000fdd00000)
 ParOldGen       total 239616K, used 127064K [0x00000000e0000000, 0x00000000eea00000, 0x00000000f5580000)
  object space 239616K, 53% used [0x00000000e0000000,0x00000000e7c16170,0x00000000eea00000)
 Metaspace       used 176921K, capacity 186375K, committed 199040K, reserved 1218560K
  class space    used 26977K, capacity 27676K, committed 29824K, reserved 1048576K
Event: 43372.514 GC heap after
Heap after GC invocations=121 (full 20):
 PSYoungGen      total 138752K, used 6413K [0x00000000f5580000, 0x0000000100000000, 0x0000000100000000)
  eden space 102912K, 0% used [0x00000000f5580000,0x00000000f5580000,0x00000000fba00000)
  from space 35840K, 17% used [0x00000000fba00000,0x00000000fc043700,0x00000000fdd00000)
  to   space 34816K, 0% used [0x00000000fde00000,0x00000000fde00000,0x0000000100000000)
 ParOldGen       total 239616K, used 127088K [0x00000000e0000000, 0x00000000eea00000, 0x00000000f5580000)
  object space 239616K, 53% used [0x00000000e0000000,0x00000000e7c1c170,0x00000000eea00000)
 Metaspace       used 176921K, capacity 186375K, committed 199040K, reserved 1218560K
  class space    used 26977K, capacity 27676K, committed 29824K, reserved 1048576K
}
Event: 44858.321 GC heap before
{Heap before GC invocations=122 (full 20):
 PSYoungGen      total 138752K, used 109325K [0x00000000f5580000, 0x0000000100000000, 0x0000000100000000)
  eden space 102912K, 100% used [0x00000000f5580000,0x00000000fba00000,0x00000000fba00000)
  from space 35840K, 17% used [0x00000000fba00000,0x00000000fc043700,0x00000000fdd00000)
  to   space 34816K, 0% used [0x00000000fde00000,0x00000000fde00000,0x0000000100000000)
 ParOldGen       total 239616K, used 127088K [0x00000000e0000000, 0x00000000eea00000, 0x00000000f5580000)
  object space 239616K, 53% used [0x00000000e0000000,0x00000000e7c1c170,0x00000000eea00000)
 Metaspace       used 178564K, capacity 188043K, committed 199040K, reserved 1218560K
  class space    used 27275K, capacity 27974K, committed 29824K, reserved 1048576K
Event: 44858.334 GC heap after
Heap after GC invocations=122 (full 20):
 PSYoungGen      total 135680K, used 7517K [0x00000000f5580000, 0x00000000ffd00000, 0x0000000100000000)
  eden space 103936K, 0% used [0x00000000f5580000,0x00000000f5580000,0x00000000fbb00000)
  from space 31744K, 23% used [0x00000000fde00000,0x00000000fe5575d0,0x00000000ffd00000)
  to   space 33792K, 0% used [0x00000000fbb00000,0x00000000fbb00000,0x00000000fdc00000)
 ParOldGen       total 239616K, used 133413K [0x00000000e0000000, 0x00000000eea00000, 0x00000000f5580000)
  object space 239616K, 55% used [0x00000000e0000000,0x00000000e8249758,0x00000000eea00000)
 Metaspace       used 178564K, capacity 188043K, committed 199040K, reserved 1218560K
  class space    used 27275K, capacity 27974K, committed 29824K, reserved 1048576K
}
Event: 44859.287 GC heap before
{Heap before GC invocations=123 (full 20):
 PSYoungGen      total 135680K, used 111453K [0x00000000f5580000, 0x00000000ffd00000, 0x0000000100000000)
  eden space 103936K, 100% used [0x00000000f5580000,0x00000000fbb00000,0x00000000fbb00000)
  from space 31744K, 23% used [0x00000000fde00000,0x00000000fe5575d0,0x00000000ffd00000)
  to   space 33792K, 0% used [0x00000000fbb00000,0x00000000fbb00000,0x00000000fdc00000)
 ParOldGen       total 239616K, used 133413K [0x00000000e0000000, 0x00000000eea00000, 0x00000000f5580000)
  object space 239616K, 55% used [0x00000000e0000000,0x00000000e8249758,0x00000000eea00000)
 Metaspace       used 181197K, capacity 190677K, committed 199040K, reserved 1218560K
  class space    used 27643K, capacity 28372K, committed 29824K, reserved 1048576K
Event: 44859.315 GC heap after
Heap after GC invocations=123 (full 20):
 PSYoungGen      total 137728K, used 24754K [0x00000000f5580000, 0x0000000100000000, 0x0000000100000000)
  eden space 103936K, 0% used [0x00000000f5580000,0x00000000f5580000,0x00000000fbb00000)
  from space 33792K, 73% used [0x00000000fbb00000,0x00000000fd32cbc8,0x00000000fdc00000)
  to   space 36352K, 0% used [0x00000000fdc80000,0x00000000fdc80000,0x0000000100000000)
 ParOldGen       total 239616K, used 133413K [0x00000000e0000000, 0x00000000eea00000, 0x00000000f5580000)
  object space 239616K, 55% used [0x00000000e0000000,0x00000000e8249758,0x00000000eea00000)
 Metaspace       used 181197K, capacity 190677K, committed 199040K, reserved 1218560K
  class space    used 27643K, capacity 28372K, committed 29824K, reserved 1048576K
}
Event: 44860.028 GC heap before
{Heap before GC invocations=124 (full 20):
 PSYoungGen      total 137728K, used 128690K [0x00000000f5580000, 0x0000000100000000, 0x0000000100000000)
  eden space 103936K, 100% used [0x00000000f5580000,0x00000000fbb00000,0x00000000fbb00000)
  from space 33792K, 73% used [0x00000000fbb00000,0x00000000fd32cbc8,0x00000000fdc00000)
  to   space 36352K, 0% used [0x00000000fdc80000,0x00000000fdc80000,0x0000000100000000)
 ParOldGen       total 239616K, used 133413K [0x00000000e0000000, 0x00000000eea00000, 0x00000000f5580000)
  object space 239616K, 55% used [0x00000000e0000000,0x00000000e8249758,0x00000000eea00000)
 Metaspace       used 181239K, capacity 190741K, committed 199040K, reserved 1218560K
  class space    used 27643K, capacity 28372K, committed 29824K, reserved 1048576K
Event: 44860.064 GC heap after
Heap after GC invocations=124 (full 20):
 PSYoungGen      total 137216K, used 21607K [0x00000000f5580000, 0x0000000100000000, 0x0000000100000000)
  eden space 100864K, 0% used [0x00000000f5580000,0x00000000f5580000,0x00000000fb800000)
  from space 36352K, 59% used [0x00000000fdc80000,0x00000000ff199d10,0x0000000100000000)
  to   space 36864K, 0% used [0x00000000fb800000,0x00000000fb800000,0x00000000fdc00000)
 ParOldGen       total 239616K, used 133413K [0x00000000e0000000, 0x00000000eea00000, 0x00000000f5580000)
  object space 239616K, 55% used [0x00000000e0000000,0x00000000e8249758,0x00000000eea00000)
 Metaspace       used 181239K, capacity 190741K, committed 199040K, reserved 1218560K
  class space    used 27643K, capacity 28372K, committed 29824K, reserved 1048576K
}
Event: 44861.271 GC heap before
{Heap before GC invocations=125 (full 20):
 PSYoungGen      total 137216K, used 122471K [0x00000000f5580000, 0x0000000100000000, 0x0000000100000000)
  eden space 100864K, 100% used [0x00000000f5580000,0x00000000fb800000,0x00000000fb800000)
  from space 36352K, 59% used [0x00000000fdc80000,0x00000000ff199d10,0x0000000100000000)
  to   space 36864K, 0% used [0x00000000fb800000,0x00000000fb800000,0x00000000fdc00000)
 ParOldGen       total 239616K, used 133413K [0x00000000e0000000, 0x00000000eea00000, 0x00000000f5580000)
  object space 239616K, 55% used [0x00000000e0000000,0x00000000e8249758,0x00000000eea00000)
 Metaspace       used 181285K, capacity 190741K, committed 199040K, reserved 1218560K
  class space    used 27643K, capacity 28372K, committed 29824K, reserved 1048576K
Event: 44861.306 GC heap after
Heap after GC invocations=125 (full 20):
 PSYoungGen      total 135680K, used 34615K [0x00000000f5580000, 0x0000000100000000, 0x0000000100000000)
  eden space 100864K, 0% used [0x00000000f5580000,0x00000000f5580000,0x00000000fb800000)
  from space 34816K, 99% used [0x00000000fb800000,0x00000000fd9cdce8,0x00000000fda00000)
  to   space 38912K, 0% used [0x00000000fda00000,0x00000000fda00000,0x0000000100000000)
 ParOldGen       total 239616K, used 133413K [0x00000000e0000000, 0x00000000eea00000, 0x00000000f5580000)
  object space 239616K, 55% used [0x00000000e0000000,0x00000000e8249758,0x00000000eea00000)
 Metaspace       used 181285K, capacity 190741K, committed 199040K, reserved 1218560K
  class space    used 27643K, capacity 28372K, committed 29824K, reserved 1048576K
}

