# JRE version: Java(TM) SE Runtime Environment (8.0_131-b11) (build 1.8.0_131-b11)
# Java VM: Java HotSpot(TM) 64-Bit Server VM (25.131-b11 mixed mode windows-amd64 compressed oops)
Heap:
 PSYoungGen      total 149504K, used 126464K [0x00000000f5580000, 0x0000000100000000, 0x0000000100000000)
  eden space 126464K, 100% used [0x00000000f5580000,0x00000000fd100000,0x00000000fd100000)
  from space 23040K, 0% used [0x00000000fd100000,0x00000000fd100000,0x00000000fe780000)
  to   space 23552K, 4% used [0x00000000fe900000,0x00000000fea0c0f0,0x0000000100000000)
 ParOldGen       total 155648K, used 59348K [0x00000000e0000000, 0x00000000e9800000, 0x00000000f5580000)
  object space 155648K, 38% used [0x00000000e0000000,0x00000000e39f51b8,0x00000000e9800000)
 Metaspace       used 111457K, capacity 116472K, committed 123028K, reserved 1153024K
  class space    used 18342K, capacity 18832K, committed 19968K, reserved 1048576K
GC Heap History (10 events):
Event: 45.184 GC heap after
Heap after GC invocations=19 (full 5):
 PSYoungGen      total 148992K, used 16531K [0x00000000f5580000, 0x0000000100000000, 0x0000000100000000)
  eden space 125440K, 0% used [0x00000000f5580000,0x00000000f5580000,0x00000000fd000000)
  from space 23552K, 70% used [0x00000000fe900000,0x00000000ff924c28,0x0000000100000000)
  to   space 24576K, 0% used [0x00000000fd000000,0x00000000fd000000,0x00000000fe800000)
 ParOldGen       total 107008K, used 39653K [0x00000000e0000000, 0x00000000e6880000, 0x00000000f5580000)
  object space 107008K, 37% used [0x00000000e0000000,0x00000000e26b9708,0x00000000e6880000)
 Metaspace       used 84868K, capacity 87428K, committed 87640K, reserved 1122304K
  class space    used 15024K, capacity 15402K, committed 15488K, reserved 1048576K
}
Event: 46.655 GC heap before
{Heap before GC invocations=20 (full 5):
 PSYoungGen      total 148992K, used 141971K [0x00000000f5580000, 0x0000000100000000, 0x0000000100000000)
  eden space 125440K, 100% used [0x00000000f5580000,0x00000000fd000000,0x00000000fd000000)
  from space 23552K, 70% used [0x00000000fe900000,0x00000000ff924c28,0x0000000100000000)
  to   space 24576K, 0% used [0x00000000fd000000,0x00000000fd000000,0x00000000fe800000)
 ParOldGen       total 107008K, used 39653K [0x00000000e0000000, 0x00000000e6880000, 0x00000000f5580000)
  object space 107008K, 37% used [0x00000000e0000000,0x00000000e26b9708,0x00000000e6880000)
 Metaspace       used 93756K, capacity 96708K, committed 96856K, reserved 1130496K
  class space    used 16347K, capacity 16742K, committed 16768K, reserved 1048576K
Event: 46.669 GC heap after
Heap after GC invocations=20 (full 5):
 PSYoungGen      total 150016K, used 10709K [0x00000000f5580000, 0x00000000fff00000, 0x0000000100000000)
  eden space 125440K, 0% used [0x00000000f5580000,0x00000000f5580000,0x00000000fd000000)
  from space 24576K, 43% used [0x00000000fd000000,0x00000000fda75498,0x00000000fe800000)
  to   space 23552K, 0% used [0x00000000fe800000,0x00000000fe800000,0x00000000fff00000)
 ParOldGen       total 107008K, used 47294K [0x00000000e0000000, 0x00000000e6880000, 0x00000000f5580000)
  object space 107008K, 44% used [0x00000000e0000000,0x00000000e2e2fac8,0x00000000e6880000)
 Metaspace       used 93756K, capacity 96708K, committed 96856K, reserved 1130496K
  class space    used 16347K, capacity 16742K, committed 16768K, reserved 1048576K
}
Event: 48.545 GC heap before
{Heap before GC invocations=21 (full 5):
 PSYoungGen      total 150016K, used 136149K [0x00000000f5580000, 0x00000000fff00000, 0x0000000100000000)
  eden space 125440K, 100% used [0x00000000f5580000,0x00000000fd000000,0x00000000fd000000)
  from space 24576K, 43% used [0x00000000fd000000,0x00000000fda75498,0x00000000fe800000)
  to   space 23552K, 0% used [0x00000000fe800000,0x00000000fe800000,0x00000000fff00000)
 ParOldGen       total 107008K, used 47294K [0x00000000e0000000, 0x00000000e6880000, 0x00000000f5580000)
  object space 107008K, 44% used [0x00000000e0000000,0x00000000e2e2fac8,0x00000000e6880000)
 Metaspace       used 106740K, capacity 109946K, committed 110168K, reserved 1140736K
  class space    used 17793K, capacity 18202K, committed 18304K, reserved 1048576K
Event: 48.570 GC heap after
Heap after GC invocations=21 (full 5):
 PSYoungGen      total 148992K, used 13690K [0x00000000f5580000, 0x00000000ffe00000, 0x0000000100000000)
  eden space 126464K, 0% used [0x00000000f5580000,0x00000000f5580000,0x00000000fd100000)
  from space 22528K, 60% used [0x00000000fe800000,0x00000000ff55eb80,0x00000000ffe00000)
  to   space 23040K, 0% used [0x00000000fd100000,0x00000000fd100000,0x00000000fe780000)
 ParOldGen       total 107008K, used 49340K [0x00000000e0000000, 0x00000000e6880000, 0x00000000f5580000)
  object space 107008K, 46% used [0x00000000e0000000,0x00000000e302f2d0,0x00000000e6880000)
 Metaspace       used 106740K, capacity 109946K, committed 110168K, reserved 1140736K
  class space    used 17793K, capacity 18202K, committed 18304K, reserved 1048576K
}
Event: 57.188 GC heap before
{Heap before GC invocations=22 (full 5):
 PSYoungGen      total 148992K, used 128126K [0x00000000f5580000, 0x00000000ffe00000, 0x0000000100000000)
  eden space 126464K, 90% used [0x00000000f5580000,0x00000000fc541078,0x00000000fd100000)
  from space 22528K, 60% used [0x00000000fe800000,0x00000000ff55eb80,0x00000000ffe00000)
  to   space 23040K, 0% used [0x00000000fd100000,0x00000000fd100000,0x00000000fe780000)
 ParOldGen       total 107008K, used 49340K [0x00000000e0000000, 0x00000000e6880000, 0x00000000f5580000)
  object space 107008K, 46% used [0x00000000e0000000,0x00000000e302f2d0,0x00000000e6880000)
 Metaspace       used 117614K, capacity 122910K, committed 123028K, reserved 1153024K
  class space    used 19372K, capacity 19886K, committed 19968K, reserved 1048576K
Event: 57.200 GC heap after
Heap after GC invocations=22 (full 5):
 PSYoungGen      total 149504K, used 15313K [0x00000000f5580000, 0x0000000100000000, 0x0000000100000000)
  eden space 126464K, 0% used [0x00000000f5580000,0x00000000f5580000,0x00000000fd100000)
  from space 23040K, 66% used [0x00000000fd100000,0x00000000fdff4730,0x00000000fe780000)
  to   space 23552K, 0% used [0x00000000fe900000,0x00000000fe900000,0x0000000100000000)
 ParOldGen       total 107008K, used 49348K [0x00000000e0000000, 0x00000000e6880000, 0x00000000f5580000)
  object space 107008K, 46% used [0x00000000e0000000,0x00000000e30312d0,0x00000000e6880000)
 Metaspace       used 117614K, capacity 122910K, committed 123028K, reserved 1153024K
  class space    used 19372K, capacity 19886K, committed 19968K, reserved 1048576K
}
Event: 57.200 GC heap before
{Heap before GC invocations=23 (full 6):
 PSYoungGen      total 149504K, used 15313K [0x00000000f5580000, 0x0000000100000000, 0x0000000100000000)
  eden space 126464K, 0% used [0x00000000f5580000,0x00000000f5580000,0x00000000fd100000)
  from space 23040K, 66% used [0x00000000fd100000,0x00000000fdff4730,0x00000000fe780000)
  to   space 23552K, 0% used [0x00000000fe900000,0x00000000fe900000,0x0000000100000000)
 ParOldGen       total 107008K, used 49348K [0x00000000e0000000, 0x00000000e6880000, 0x00000000f5580000)
  object space 107008K, 46% used [0x00000000e0000000,0x00000000e30312d0,0x00000000e6880000)
 Metaspace       used 117614K, capacity 122910K, committed 123028K, reserved 1153024K
  class space    used 19372K, capacity 19886K, committed 19968K, reserved 1048576K
Event: 57.384 GC heap after
Heap after GC invocations=23 (full 6):
 PSYoungGen      total 149504K, used 0K [0x00000000f5580000, 0x0000000100000000, 0x0000000100000000)
  eden space 126464K, 0% used [0x00000000f5580000,0x00000000f5580000,0x00000000fd100000)
  from space 23040K, 0% used [0x00000000fd100000,0x00000000fd100000,0x00000000fe780000)
  to   space 23552K, 0% used [0x00000000fe900000,0x00000000fe900000,0x0000000100000000)
 ParOldGen       total 155648K, used 59340K [0x00000000e0000000, 0x00000000e9800000, 0x00000000f5580000)
  object space 155648K, 38% used [0x00000000e0000000,0x00000000e39f31b8,0x00000000e9800000)
 Metaspace       used 108971K, capacity 113812K, committed 123028K, reserved 1153024K
  class space    used 17995K, capacity 18438K, committed 19968K, reserved 1048576K
}
Event: 6977.403 GC heap before
{Heap before GC invocations=24 (full 6):
 PSYoungGen      total 149504K, used 126464K [0x00000000f5580000, 0x0000000100000000, 0x0000000100000000)
  eden space 126464K, 100% used [0x00000000f5580000,0x00000000fd100000,0x00000000fd100000)
  from space 23040K, 0% used [0x00000000fd100000,0x00000000fd100000,0x00000000fe780000)
  to   space 23552K, 0% used [0x00000000fe900000,0x00000000fe900000,0x0000000100000000)
 ParOldGen       total 155648K, used 59340K [0x00000000e0000000, 0x00000000e9800000, 0x00000000f5580000)
  object space 155648K, 38% used [0x00000000e0000000,0x00000000e39f31b8,0x00000000e9800000)
 Metaspace       used 111457K, capacity 116472K, committed 123028K, reserved 1153024K
  class space    used 18342K, capacity 18832K, committed 19968K, reserved 1048576K

