# JRE version: Java(TM) SE Runtime Environment (8.0_131-b11) (build 1.8.0_131-b11)
# Java VM: Java HotSpot(TM) 64-Bit Server VM (25.131-b11 mixed mode windows-amd64 compressed oops)
Heap:
 PSYoungGen      total 138752K, used 14768K [0x00000000f5580000, 0x00000000ff800000, 0x0000000100000000)
  eden space 113152K, 0% used [0x00000000f5580000,0x00000000f5580000,0x00000000fc400000)
  from space 25600K, 57% used [0x00000000fdf00000,0x00000000fed6c300,0x00000000ff800000)
  to   space 26624K, 0% used [0x00000000fc400000,0x00000000fc400000,0x00000000fde00000)
 ParOldGen       total 212480K, used 101836K [0x00000000e0000000, 0x00000000ecf80000, 0x00000000f5580000)
  object space 212480K, 47% used [0x00000000e0000000,0x00000000e6373278,0x00000000ecf80000)
 Metaspace       used 170515K, capacity 177738K, committed 184536K, reserved 1204224K
  class space    used 26824K, capacity 27703K, committed 29144K, reserved 1048576K
GC Heap History (10 events):
Event: 1464.451 GC heap after
Heap after GC invocations=98 (full 22):
 PSYoungGen      total 145408K, used 16876K [0x00000000f5580000, 0x00000000fff80000, 0x0000000100000000)
  eden space 119808K, 0% used [0x00000000f5580000,0x00000000f5580000,0x00000000fca80000)
  from space 25600K, 65% used [0x00000000fe400000,0x00000000ff47b0b8,0x00000000ffd00000)
  to   space 26112K, 0% used [0x00000000fca80000,0x00000000fca80000,0x00000000fe400000)
 ParOldGen       total 212480K, used 101804K [0x00000000e0000000, 0x00000000ecf80000, 0x00000000f5580000)
  object space 212480K, 47% used [0x00000000e0000000,0x00000000e636b278,0x00000000ecf80000)
 Metaspace       used 160650K, capacity 167350K, committed 178648K, reserved 1198080K
  class space    used 25392K, capacity 26171K, committed 29144K, reserved 1048576K
}
Event: 1466.146 GC heap before
{Heap before GC invocations=99 (full 22):
 PSYoungGen      total 145408K, used 136684K [0x00000000f5580000, 0x00000000fff80000, 0x0000000100000000)
  eden space 119808K, 100% used [0x00000000f5580000,0x00000000fca80000,0x00000000fca80000)
  from space 25600K, 65% used [0x00000000fe400000,0x00000000ff47b0b8,0x00000000ffd00000)
  to   space 26112K, 0% used [0x00000000fca80000,0x00000000fca80000,0x00000000fe400000)
 ParOldGen       total 212480K, used 101804K [0x00000000e0000000, 0x00000000ecf80000, 0x00000000f5580000)
  object space 212480K, 47% used [0x00000000e0000000,0x00000000e636b278,0x00000000ecf80000)
 Metaspace       used 164908K, capacity 171780K, committed 179928K, reserved 1200128K
  class space    used 26058K, capacity 26867K, committed 29144K, reserved 1048576K
Event: 1466.187 GC heap after
Heap after GC invocations=99 (full 22):
 PSYoungGen      total 145920K, used 13916K [0x00000000f5580000, 0x00000000fff80000, 0x0000000100000000)
  eden space 119808K, 0% used [0x00000000f5580000,0x00000000f5580000,0x00000000fca80000)
  from space 26112K, 53% used [0x00000000fca80000,0x00000000fd8173c8,0x00000000fe400000)
  to   space 25600K, 0% used [0x00000000fe680000,0x00000000fe680000,0x00000000fff80000)
 ParOldGen       total 212480K, used 101812K [0x00000000e0000000, 0x00000000ecf80000, 0x00000000f5580000)
  object space 212480K, 47% used [0x00000000e0000000,0x00000000e636d278,0x00000000ecf80000)
 Metaspace       used 164908K, capacity 171780K, committed 179928K, reserved 1200128K
  class space    used 26058K, capacity 26867K, committed 29144K, reserved 1048576K
}
Event: 3341.207 GC heap before
{Heap before GC invocations=100 (full 22):
 PSYoungGen      total 145920K, used 133724K [0x00000000f5580000, 0x00000000fff80000, 0x0000000100000000)
  eden space 119808K, 100% used [0x00000000f5580000,0x00000000fca80000,0x00000000fca80000)
  from space 26112K, 53% used [0x00000000fca80000,0x00000000fd8173c8,0x00000000fe400000)
  to   space 25600K, 0% used [0x00000000fe680000,0x00000000fe680000,0x00000000fff80000)
 ParOldGen       total 212480K, used 101812K [0x00000000e0000000, 0x00000000ecf80000, 0x00000000f5580000)
  object space 212480K, 47% used [0x00000000e0000000,0x00000000e636d278,0x00000000ecf80000)
 Metaspace       used 166027K, capacity 173016K, committed 180952K, reserved 1202176K
  class space    used 26134K, capacity 26965K, committed 29144K, reserved 1048576K
Event: 3341.222 GC heap after
Heap after GC invocations=100 (full 22):
 PSYoungGen      total 133120K, used 12675K [0x00000000f5580000, 0x00000000ff700000, 0x0000000100000000)
  eden space 116224K, 0% used [0x00000000f5580000,0x00000000f5580000,0x00000000fc700000)
  from space 16896K, 75% used [0x00000000fe680000,0x00000000ff2e0c40,0x00000000ff700000)
  to   space 24576K, 0% used [0x00000000fc700000,0x00000000fc700000,0x00000000fdf00000)
 ParOldGen       total 212480K, used 101820K [0x00000000e0000000, 0x00000000ecf80000, 0x00000000f5580000)
  object space 212480K, 47% used [0x00000000e0000000,0x00000000e636f278,0x00000000ecf80000)
 Metaspace       used 166027K, capacity 173016K, committed 180952K, reserved 1202176K
  class space    used 26134K, capacity 26965K, committed 29144K, reserved 1048576K
}
Event: 4991.998 GC heap before
{Heap before GC invocations=101 (full 22):
 PSYoungGen      total 133120K, used 128899K [0x00000000f5580000, 0x00000000ff700000, 0x0000000100000000)
  eden space 116224K, 100% used [0x00000000f5580000,0x00000000fc700000,0x00000000fc700000)
  from space 16896K, 75% used [0x00000000fe680000,0x00000000ff2e0c40,0x00000000ff700000)
  to   space 24576K, 0% used [0x00000000fc700000,0x00000000fc700000,0x00000000fdf00000)
 ParOldGen       total 212480K, used 101820K [0x00000000e0000000, 0x00000000ecf80000, 0x00000000f5580000)
  object space 212480K, 47% used [0x00000000e0000000,0x00000000e636f278,0x00000000ecf80000)
 Metaspace       used 170321K, capacity 177394K, committed 184536K, reserved 1204224K
  class space    used 26802K, capacity 27667K, committed 29144K, reserved 1048576K
Event: 4992.029 GC heap after
Heap after GC invocations=101 (full 22):
 PSYoungGen      total 137728K, used 22897K [0x00000000f5580000, 0x00000000ffa00000, 0x0000000100000000)
  eden space 113152K, 0% used [0x00000000f5580000,0x00000000f5580000,0x00000000fc400000)
  from space 24576K, 93% used [0x00000000fc700000,0x00000000fdd5c700,0x00000000fdf00000)
  to   space 27648K, 0% used [0x00000000fdf00000,0x00000000fdf00000,0x00000000ffa00000)
 ParOldGen       total 212480K, used 101828K [0x00000000e0000000, 0x00000000ecf80000, 0x00000000f5580000)
  object space 212480K, 47% used [0x00000000e0000000,0x00000000e6371278,0x00000000ecf80000)
 Metaspace       used 170321K, capacity 177394K, committed 184536K, reserved 1204224K
  class space    used 26802K, capacity 27667K, committed 29144K, reserved 1048576K
}
Event: 4992.520 GC heap before
{Heap before GC invocations=102 (full 22):
 PSYoungGen      total 137728K, used 57392K [0x00000000f5580000, 0x00000000ffa00000, 0x0000000100000000)
  eden space 113152K, 30% used [0x00000000f5580000,0x00000000f772fa20,0x00000000fc400000)
  from space 24576K, 93% used [0x00000000fc700000,0x00000000fdd5c700,0x00000000fdf00000)
  to   space 27648K, 0% used [0x00000000fdf00000,0x00000000fdf00000,0x00000000ffa00000)
 ParOldGen       total 212480K, used 101828K [0x00000000e0000000, 0x00000000ecf80000, 0x00000000f5580000)
  object space 212480K, 47% used [0x00000000e0000000,0x00000000e6371278,0x00000000ecf80000)
 Metaspace       used 170515K, capacity 177738K, committed 184536K, reserved 1204224K
  class space    used 26824K, capacity 27703K, committed 29144K, reserved 1048576K
Event: 4992.542 GC heap after
Heap after GC invocations=102 (full 22):
 PSYoungGen      total 138752K, used 14768K [0x00000000f5580000, 0x00000000ff800000, 0x0000000100000000)
  eden space 113152K, 0% used [0x00000000f5580000,0x00000000f5580000,0x00000000fc400000)
  from space 25600K, 57% used [0x00000000fdf00000,0x00000000fed6c300,0x00000000ff800000)
  to   space 26624K, 0% used [0x00000000fc400000,0x00000000fc400000,0x00000000fde00000)
 ParOldGen       total 212480K, used 101836K [0x00000000e0000000, 0x00000000ecf80000, 0x00000000f5580000)
  object space 212480K, 47% used [0x00000000e0000000,0x00000000e6373278,0x00000000ecf80000)
 Metaspace       used 170515K, capacity 177738K, committed 184536K, reserved 1204224K
  class space    used 26824K, capacity 27703K, committed 29144K, reserved 1048576K
}
Event: 4992.542 GC heap before
{Heap before GC invocations=103 (full 23):
 PSYoungGen      total 138752K, used 14768K [0x00000000f5580000, 0x00000000ff800000, 0x0000000100000000)
  eden space 113152K, 0% used [0x00000000f5580000,0x00000000f5580000,0x00000000fc400000)
  from space 25600K, 57% used [0x00000000fdf00000,0x00000000fed6c300,0x00000000ff800000)
  to   space 26624K, 0% used [0x00000000fc400000,0x00000000fc400000,0x00000000fde00000)
 ParOldGen       total 212480K, used 101836K [0x00000000e0000000, 0x00000000ecf80000, 0x00000000f5580000)
  object space 212480K, 47% used [0x00000000e0000000,0x00000000e6373278,0x00000000ecf80000)
 Metaspace       used 170515K, capacity 177738K, committed 184536K, reserved 1204224K
  class space    used 26824K, capacity 27703K, committed 29144K, reserved 1048576K

